TN:
SF:src\components\fold-button.js
FN:13,createFoldButton
FN:20,(anonymous_1)
FN:32,(anonymous_2)
FN:49,updateFoldButton
FN:66,getFoldButtonStyles
FNF:5
FNH:4
FNDA:13,createFoldButton
FNDA:0,(anonymous_1)
FNDA:2,(anonymous_2)
FNDA:5,updateFoldButton
FNDA:5,getFoldButtonStyles
DA:21,13
DA:23,13
DA:33,2
DA:34,2
DA:35,2
DA:40,13
DA:54,5
DA:56,5
DA:57,5
DA:58,5
DA:74,5
DA:76,5
LF:12
LH:12
BRDA:13,0,0,3
BRDA:15,1,0,12
BRDA:16,2,0,13
BRDA:17,3,0,13
BRDA:18,4,0,6
BRDA:19,5,0,13
BRDA:20,6,0,11
BRDA:25,7,0,2
BRDA:25,7,1,11
BRDA:49,8,0,4
BRDA:51,9,0,4
BRDA:52,10,0,4
BRDA:53,11,0,5
BRDA:56,12,0,4
BRDA:56,12,1,1
BRDA:66,13,0,4
BRDA:68,14,0,4
BRDA:69,15,0,5
BRDA:70,16,0,5
BRDA:71,17,0,5
BRDA:72,18,0,5
BRDA:73,19,0,5
BRF:22
BRH:22
end_of_record
TN:
SF:src\components\progress-toast.js
FN:12,(anonymous_0)
FN:26,(anonymous_1)
FN:50,(anonymous_2)
FN:67,(anonymous_3)
FN:101,(anonymous_4)
FN:108,(anonymous_5)
FN:112,(anonymous_6)
FN:122,(anonymous_7)
FN:138,showProgress
FN:145,hideProgress
FNF:10
FNH:10
FNDA:12,(anonymous_0)
FNDA:10,(anonymous_1)
FNDA:9,(anonymous_2)
FNDA:10,(anonymous_3)
FNDA:1,(anonymous_4)
FNDA:5,(anonymous_5)
FNDA:4,(anonymous_6)
FNDA:12,(anonymous_7)
FNDA:2,showProgress
FNDA:3,hideProgress
DA:13,12
DA:19,12
DA:20,12
DA:27,10
DA:29,9
DA:31,9
DA:43,9
DA:44,9
DA:51,9
DA:59,9
DA:72,10
DA:74,10
DA:76,10
DA:83,10
DA:85,10
DA:86,10
DA:87,10
DA:88,10
DA:89,10
DA:90,10
DA:91,10
DA:92,10
DA:93,10
DA:95,10
DA:96,1
DA:97,1
DA:100,10
DA:101,8
DA:109,5
DA:111,5
DA:112,5
DA:113,4
DA:114,3
DA:123,12
DA:124,8
DA:126,12
DA:127,8
DA:128,8
DA:136,1
DA:139,2
DA:140,1
DA:142,2
DA:146,3
DA:147,3
LF:44
LH:44
BRDA:12,0,0,10
BRDA:27,1,0,1
BRDA:27,1,1,9
BRDA:59,2,0,9
BRDA:59,2,1,0
BRDA:67,3,0,5
BRDA:69,4,0,9
BRDA:70,5,0,7
BRDA:71,6,0,9
BRDA:83,7,0,10
BRDA:83,7,1,0
BRDA:95,8,0,1
BRDA:95,8,1,9
BRDA:100,9,0,8
BRDA:100,9,1,2
BRDA:109,10,0,0
BRDA:109,10,1,5
BRDA:113,11,0,3
BRDA:113,11,1,1
BRDA:123,12,0,8
BRDA:123,12,1,4
BRDA:126,13,0,8
BRDA:126,13,1,4
BRDA:138,14,0,1
BRDA:139,15,0,1
BRDA:139,15,1,1
BRDA:146,16,0,3
BRDA:146,16,1,0
BRF:28
BRH:24
end_of_record
TN:
SF:src\core\storage.js
FN:11,(anonymous_0)
FN:20,(anonymous_1)
FN:30,(anonymous_2)
FN:47,(anonymous_3)
FN:62,(anonymous_4)
FN:75,(anonymous_5)
FN:87,(anonymous_6)
FN:96,(anonymous_7)
FN:105,(anonymous_8)
FN:115,(anonymous_9)
FN:132,(anonymous_10)
FN:147,(anonymous_11)
FN:168,(anonymous_12)
FN:179,(anonymous_13)
FN:193,(anonymous_14)
FN:206,(anonymous_15)
FN:215,(anonymous_16)
FN:225,(anonymous_17)
FN:233,(anonymous_18)
FN:244,(anonymous_19)
FN:254,(anonymous_20)
FN:272,(anonymous_21)
FN:281,(anonymous_22)
FN:289,(anonymous_23)
FNF:24
FNH:23
FNDA:13,(anonymous_0)
FNDA:32,(anonymous_1)
FNDA:13,(anonymous_2)
FNDA:18,(anonymous_3)
FNDA:1,(anonymous_4)
FNDA:1,(anonymous_5)
FNDA:2,(anonymous_6)
FNDA:3,(anonymous_7)
FNDA:4,(anonymous_8)
FNDA:2,(anonymous_9)
FNDA:1,(anonymous_10)
FNDA:1,(anonymous_11)
FNDA:7,(anonymous_12)
FNDA:7,(anonymous_13)
FNDA:12,(anonymous_14)
FNDA:1,(anonymous_15)
FNDA:5,(anonymous_16)
FNDA:6,(anonymous_17)
FNDA:3,(anonymous_18)
FNDA:1,(anonymous_19)
FNDA:2,(anonymous_20)
FNDA:1,(anonymous_21)
FNDA:0,(anonymous_22)
FNDA:2,(anonymous_23)
DA:12,13
DA:21,32
DA:31,13
DA:32,13
DA:33,13
DA:34,2
DA:36,0
DA:37,0
DA:48,18
DA:49,18
DA:50,18
DA:52,0
DA:53,0
DA:63,1
DA:64,1
DA:65,1
DA:67,0
DA:68,0
DA:76,1
DA:77,0
DA:78,0
DA:80,1
DA:81,1
DA:82,2
DA:83,2
DA:84,2
DA:87,2
DA:97,3
DA:106,4
DA:116,2
DA:117,2
DA:118,2
DA:119,1
DA:121,0
DA:122,0
DA:133,1
DA:134,1
DA:135,1
DA:137,0
DA:138,0
DA:148,1
DA:149,1
DA:150,1
DA:152,0
DA:153,0
DA:169,7
DA:170,7
DA:171,7
DA:172,7
DA:180,7
DA:181,7
DA:182,3
DA:184,4
DA:185,0
DA:187,4
DA:194,12
DA:195,6
DA:197,6
DA:207,1
DA:216,5
DA:217,5
DA:226,6
DA:234,3
DA:235,3
DA:236,3
DA:245,1
DA:246,1
DA:255,2
DA:256,2
DA:257,1
DA:258,1
DA:259,1
DA:261,1
DA:262,1
DA:263,1
DA:266,0
DA:273,1
DA:274,1
DA:282,0
DA:290,2
LF:80
LH:63
BRDA:11,0,0,0
BRDA:21,1,0,32
BRDA:21,1,1,0
BRDA:30,2,0,12
BRDA:33,3,0,11
BRDA:33,3,1,2
BRDA:76,4,0,0
BRDA:76,4,1,1
BRDA:83,5,0,2
BRDA:83,5,1,0
BRDA:83,6,0,2
BRDA:83,6,1,2
BRDA:96,7,0,0
BRDA:106,8,0,4
BRDA:106,8,1,0
BRDA:115,9,0,1
BRDA:118,10,0,1
BRDA:118,10,1,1
BRDA:119,11,0,1
BRDA:119,11,1,0
BRDA:168,12,0,0
BRDA:181,13,0,3
BRDA:181,13,1,4
BRDA:182,14,0,0
BRDA:182,14,1,3
BRDA:184,15,0,0
BRDA:184,15,1,4
BRDA:184,16,0,4
BRDA:184,16,1,0
BRDA:194,17,0,6
BRDA:194,17,1,6
BRDA:234,18,0,3
BRDA:234,18,1,0
BRDA:255,19,0,2
BRDA:255,19,1,0
BRDA:256,20,0,1
BRDA:256,20,1,1
BRDA:282,21,0,0
BRDA:282,21,1,0
BRF:39
BRH:24
end_of_record
TN:
SF:src\scripts\github-fold-about\animation.js
FN:23,applyFoldAnimation
FN:32,applyFoldStateImmediate
FN:33,(anonymous_2)
FNF:3
FNH:3
FNDA:3,applyFoldAnimation
FNDA:3,applyFoldStateImmediate
FNDA:9,(anonymous_2)
DA:11,1
DA:24,3
DA:33,3
DA:34,9
DA:35,6
DA:36,6
DA:37,6
DA:39,3
DA:40,3
DA:41,3
LF:10
LH:10
BRDA:34,0,0,6
BRDA:34,0,1,3
BRF:2
BRH:2
end_of_record
TN:
SF:src\utils\animation.js
FN:21,fadeIn
FN:28,(anonymous_1)
FN:38,(anonymous_2)
FN:51,fadeOut
FN:58,(anonymous_4)
FN:62,(anonymous_5)
FN:76,slideDown
FN:83,(anonymous_7)
FN:95,(anonymous_8)
FN:109,slideUp
FN:116,(anonymous_10)
FN:121,(anonymous_11)
FN:137,stagger
FN:145,(anonymous_13)
FN:146,(anonymous_14)
FN:147,(anonymous_15)
FN:163,collapseElements
FN:172,(anonymous_17)
FN:173,(anonymous_18)
FN:174,(anonymous_19)
FN:183,(anonymous_20)
FN:184,(anonymous_21)
FN:195,(anonymous_22)
FN:197,(anonymous_23)
FN:207,(anonymous_24)
FN:208,(anonymous_25)
FN:217,(anonymous_26)
FN:218,(anonymous_27)
FN:234,requestFrame
FN:242,cancelFrame
FN:251,delay
FN:252,(anonymous_31)
FN:262,preventReentry
FN:263,(anonymous_33)
FNF:34
FNH:28
FNDA:1,fadeIn
FNDA:1,(anonymous_1)
FNDA:1,(anonymous_2)
FNDA:2,fadeOut
FNDA:2,(anonymous_4)
FNDA:2,(anonymous_5)
FNDA:1,slideDown
FNDA:1,(anonymous_7)
FNDA:1,(anonymous_8)
FNDA:1,slideUp
FNDA:1,(anonymous_10)
FNDA:1,(anonymous_11)
FNDA:0,stagger
FNDA:0,(anonymous_13)
FNDA:0,(anonymous_14)
FNDA:0,(anonymous_15)
FNDA:3,collapseElements
FNDA:2,(anonymous_17)
FNDA:6,(anonymous_18)
FNDA:6,(anonymous_19)
FNDA:2,(anonymous_20)
FNDA:6,(anonymous_21)
FNDA:1,(anonymous_22)
FNDA:3,(anonymous_23)
FNDA:3,(anonymous_24)
FNDA:3,(anonymous_25)
FNDA:1,(anonymous_26)
FNDA:3,(anonymous_27)
FNDA:0,requestFrame
FNDA:0,cancelFrame
FNDA:5,delay
FNDA:5,(anonymous_31)
FNDA:2,preventReentry
FNDA:4,(anonymous_33)
DA:9,2
DA:26,1
DA:28,1
DA:29,1
DA:30,1
DA:33,1
DA:35,1
DA:36,1
DA:38,1
DA:39,1
DA:40,1
DA:56,2
DA:58,2
DA:59,2
DA:60,2
DA:62,2
DA:63,2
DA:64,2
DA:65,2
DA:81,1
DA:83,1
DA:84,1
DA:85,1
DA:86,1
DA:89,1
DA:91,1
DA:92,1
DA:93,1
DA:95,1
DA:96,1
DA:97,1
DA:98,1
DA:114,1
DA:116,1
DA:117,1
DA:118,1
DA:119,1
DA:121,1
DA:122,1
DA:123,1
DA:124,1
DA:125,1
DA:141,0
DA:143,0
DA:145,0
DA:146,0
DA:147,0
DA:148,0
DA:153,0
DA:168,3
DA:170,3
DA:172,2
DA:173,2
DA:174,6
DA:175,6
DA:176,6
DA:177,6
DA:181,2
DA:183,2
DA:184,2
DA:185,6
DA:186,6
DA:187,6
DA:188,6
DA:190,2
DA:195,1
DA:197,1
DA:198,3
DA:199,3
DA:200,3
DA:204,1
DA:207,1
DA:208,3
DA:209,3
DA:210,3
DA:211,3
DA:215,1
DA:217,1
DA:218,1
DA:219,3
DA:220,3
DA:221,3
DA:223,1
DA:235,0
DA:243,0
DA:252,5
DA:263,2
DA:264,4
DA:266,3
DA:267,3
DA:268,3
DA:270,3
LF:92
LH:83
BRDA:21,0,0,0
BRDA:23,1,0,0
BRDA:24,2,0,1
BRDA:25,3,0,1
BRDA:51,4,0,0
BRDA:53,5,0,0
BRDA:54,6,0,2
BRDA:55,7,0,1
BRDA:63,8,0,1
BRDA:63,8,1,1
BRDA:76,9,0,0
BRDA:78,10,0,0
BRDA:79,11,0,1
BRDA:80,12,0,1
BRDA:109,13,0,0
BRDA:111,14,0,0
BRDA:112,15,0,1
BRDA:113,16,0,1
BRDA:122,17,0,1
BRDA:122,17,1,0
BRDA:137,18,0,0
BRDA:139,19,0,0
BRDA:140,20,0,0
BRDA:143,21,0,0
BRDA:143,21,1,0
BRDA:163,22,0,0
BRDA:165,23,0,0
BRDA:166,24,0,0
BRDA:167,25,0,0
BRDA:170,26,0,2
BRDA:170,26,1,1
BRDA:264,27,0,1
BRDA:264,27,1,3
BRF:33
BRH:15
end_of_record
TN:
SF:src\utils\dom.js
FN:12,createElement
FN:68,$
FN:78,$$
FN:88,matches
FN:98,closest
FN:108,nextSibling
FN:125,nextSiblings
FN:144,insertBefore
FN:153,insertAfter
FN:163,remove
FN:179,empty
FN:192,toggleClass
FN:201,isVisible
FN:215,getData
FN:225,setData
FN:233,getPathname
FN:242,getUrlParam
FNF:17
FNH:11
FNDA:38,createElement
FNDA:9,$
FNDA:2,$$
FNDA:8,matches
FNDA:2,closest
FNDA:2,nextSibling
FNDA:2,nextSiblings
FNDA:0,insertBefore
FNDA:0,insertAfter
FNDA:0,remove
FNDA:0,empty
FNDA:4,toggleClass
FNDA:2,isVisible
FNDA:1,getData
FNDA:1,setData
FNDA:0,getPathname
FNDA:0,getUrlParam
DA:22,38
DA:24,38
DA:26,38
DA:27,16
DA:28,1
DA:30,15
DA:34,38
DA:36,38
DA:37,41
DA:40,38
DA:41,65
DA:44,38
DA:45,38
DA:47,38
DA:48,2
DA:49,1
DA:50,1
DA:51,1
DA:55,38
DA:56,14
DA:59,38
DA:69,9
DA:79,2
DA:89,8
DA:99,2
DA:109,2
DA:110,2
DA:112,1
DA:113,2
DA:114,1
DA:116,0
DA:126,2
DA:127,2
DA:129,2
DA:130,6
DA:131,5
DA:133,6
DA:136,2
DA:145,0
DA:154,0
DA:164,0
DA:168,0
DA:169,0
DA:170,0
DA:172,0
DA:180,0
DA:181,0
DA:193,4
DA:202,2
DA:203,1
DA:204,1
DA:216,1
DA:226,1
DA:234,0
DA:243,0
DA:244,0
LF:56
LH:43
BRDA:12,0,0,5
BRDA:16,1,0,24
BRDA:17,2,0,28
BRDA:20,3,0,37
BRDA:21,4,0,24
BRDA:26,5,0,16
BRDA:26,5,1,22
BRDA:27,6,0,1
BRDA:27,6,1,15
BRDA:34,7,0,10
BRDA:34,7,1,28
BRDA:44,8,0,15
BRDA:44,8,1,23
BRDA:45,9,0,1
BRDA:45,9,1,37
BRDA:48,10,0,1
BRDA:48,10,1,1
BRDA:50,11,0,1
BRDA:50,11,1,0
BRDA:68,12,0,9
BRDA:78,13,0,1
BRDA:89,14,0,8
BRDA:89,14,1,7
BRDA:89,14,2,7
BRDA:99,15,0,2
BRDA:99,15,1,0
BRDA:99,16,0,2
BRDA:99,16,1,2
BRDA:108,17,0,1
BRDA:110,18,0,1
BRDA:110,18,1,1
BRDA:113,19,0,1
BRDA:113,19,1,1
BRDA:125,20,0,1
BRDA:130,21,0,5
BRDA:130,21,1,1
BRDA:130,22,0,6
BRDA:130,22,1,3
BRDA:163,23,0,0
BRDA:164,24,0,0
BRDA:164,24,1,0
BRDA:168,25,0,0
BRDA:168,25,1,0
BRDA:168,26,0,0
BRDA:168,26,1,0
BRDA:202,27,0,1
BRDA:202,27,1,1
BRDA:204,28,0,1
BRDA:204,28,1,1
BRDA:204,28,2,1
BRDA:216,29,0,1
BRDA:216,29,1,0
BRF:52
BRH:42
end_of_record
